# JRE version: Java(TM) SE Runtime Environment (8.0_201-b09) (build 1.8.0_201-b09)
# Java VM: Java HotSpot(TM) 64-Bit Server VM (25.201-b09 mixed mode windows-amd64 compressed oops)
Heap:
 PSYoungGen      total 197120K, used 66814K [0x00000000d6000000, 0x00000000e4480000, 0x0000000100000000)
  eden space 191488K, 32% used [0x00000000d6000000,0x00000000d9c009e0,0x00000000e1b00000)
  from space 5632K, 95% used [0x00000000e3f00000,0x00000000e443ee48,0x00000000e4480000)
  to   space 15360K, 0% used [0x00000000e2680000,0x00000000e2680000,0x00000000e3580000)
 ParOldGen       total 111616K, used 21295K [0x0000000082000000, 0x0000000088d00000, 0x00000000d6000000)
  object space 111616K, 19% used [0x0000000082000000,0x00000000834cbff0,0x0000000088d00000)
 Metaspace       used 46490K, capacity 48888K, committed 49152K, reserved 1091584K
  class space    used 6145K, capacity 6617K, committed 6656K, reserved 1048576K
GC Heap History (10 events):
Event: 252.663 GC heap before
{Heap before GC invocations=12 (full 3):
 PSYoungGen      total 194048K, used 179200K [0x00000000d6000000, 0x00000000e2c00000, 0x0000000100000000)
  eden space 179200K, 100% used [0x00000000d6000000,0x00000000e0f00000,0x00000000e0f00000)
  from space 14848K, 0% used [0x00000000e1d80000,0x00000000e1d80000,0x00000000e2c00000)
  to   space 14848K, 0% used [0x00000000e0f00000,0x00000000e0f00000,0x00000000e1d80000)
 ParOldGen       total 111616K, used 24573K [0x0000000082000000, 0x0000000088d00000, 0x00000000d6000000)
  object space 111616K, 22% used [0x0000000082000000,0x00000000837ff578,0x0000000088d00000)
 Metaspace       used 46069K, capacity 48342K, committed 48640K, reserved 1091584K
  class space    used 6103K, capacity 6559K, committed 6656K, reserved 1048576K
Event: 252.671 GC heap after
Heap after GC invocations=12 (full 3):
 PSYoungGen      total 194048K, used 5288K [0x00000000d6000000, 0x00000000e5c00000, 0x0000000100000000)
  eden space 179200K, 0% used [0x00000000d6000000,0x00000000d6000000,0x00000000e0f00000)
  from space 14848K, 35% used [0x00000000e0f00000,0x00000000e142a270,0x00000000e1d80000)
  to   space 14848K, 0% used [0x00000000e4d80000,0x00000000e4d80000,0x00000000e5c00000)
 ParOldGen       total 111616K, used 24581K [0x0000000082000000, 0x0000000088d00000, 0x00000000d6000000)
  object space 111616K, 22% used [0x0000000082000000,0x0000000083801578,0x0000000088d00000)
 Metaspace       used 46069K, capacity 48342K, committed 48640K, reserved 1091584K
  class space    used 6103K, capacity 6559K, committed 6656K, reserved 1048576K
}
Event: 579.017 GC heap before
{Heap before GC invocations=13 (full 3):
 PSYoungGen      total 194048K, used 184488K [0x00000000d6000000, 0x00000000e5c00000, 0x0000000100000000)
  eden space 179200K, 100% used [0x00000000d6000000,0x00000000e0f00000,0x00000000e0f00000)
  from space 14848K, 35% used [0x00000000e0f00000,0x00000000e142a270,0x00000000e1d80000)
  to   space 14848K, 0% used [0x00000000e4d80000,0x00000000e4d80000,0x00000000e5c00000)
 ParOldGen       total 111616K, used 24581K [0x0000000082000000, 0x0000000088d00000, 0x00000000d6000000)
  object space 111616K, 22% used [0x0000000082000000,0x0000000083801578,0x0000000088d00000)
 Metaspace       used 46069K, capacity 48342K, committed 48640K, reserved 1091584K
  class space    used 6103K, capacity 6559K, committed 6656K, reserved 1048576K
Event: 579.026 GC heap after
Heap after GC invocations=13 (full 3):
 PSYoungGen      total 177664K, used 4096K [0x00000000d6000000, 0x00000000e5200000, 0x0000000100000000)
  eden space 173056K, 0% used [0x00000000d6000000,0x00000000d6000000,0x00000000e0900000)
  from space 4608K, 88% used [0x00000000e4d80000,0x00000000e5180010,0x00000000e5200000)
  to   space 15360K, 0% used [0x00000000e3400000,0x00000000e3400000,0x00000000e4300000)
 ParOldGen       total 111616K, used 24589K [0x0000000082000000, 0x0000000088d00000, 0x00000000d6000000)
  object space 111616K, 22% used [0x0000000082000000,0x0000000083803578,0x0000000088d00000)
 Metaspace       used 46069K, capacity 48342K, committed 48640K, reserved 1091584K
  class space    used 6103K, capacity 6559K, committed 6656K, reserved 1048576K
}
Event: 589.450 GC heap before
{Heap before GC invocations=14 (full 3):
 PSYoungGen      total 177664K, used 18004K [0x00000000d6000000, 0x00000000e5200000, 0x0000000100000000)
  eden space 173056K, 8% used [0x00000000d6000000,0x00000000d6d950a0,0x00000000e0900000)
  from space 4608K, 88% used [0x00000000e4d80000,0x00000000e5180010,0x00000000e5200000)
  to   space 15360K, 0% used [0x00000000e3400000,0x00000000e3400000,0x00000000e4300000)
 ParOldGen       total 111616K, used 24589K [0x0000000082000000, 0x0000000088d00000, 0x00000000d6000000)
  object space 111616K, 22% used [0x0000000082000000,0x0000000083803578,0x0000000088d00000)
 Metaspace       used 46072K, capacity 48348K, committed 48640K, reserved 1091584K
  class space    used 6104K, capacity 6561K, committed 6656K, reserved 1048576K
Event: 589.453 GC heap after
Heap after GC invocations=14 (full 3):
 PSYoungGen      total 176128K, used 2848K [0x00000000d6000000, 0x00000000e4e00000, 0x0000000100000000)
  eden space 173056K, 0% used [0x00000000d6000000,0x00000000d6000000,0x00000000e0900000)
  from space 3072K, 92% used [0x00000000e3400000,0x00000000e36c8000,0x00000000e3700000)
  to   space 15360K, 0% used [0x00000000e3f00000,0x00000000e3f00000,0x00000000e4e00000)
 ParOldGen       total 111616K, used 24597K [0x0000000082000000, 0x0000000088d00000, 0x00000000d6000000)
  object space 111616K, 22% used [0x0000000082000000,0x0000000083805578,0x0000000088d00000)
 Metaspace       used 46072K, capacity 48348K, committed 48640K, reserved 1091584K
  class space    used 6104K, capacity 6561K, committed 6656K, reserved 1048576K
}
Event: 589.453 GC heap before
{Heap before GC invocations=15 (full 4):
 PSYoungGen      total 176128K, used 2848K [0x00000000d6000000, 0x00000000e4e00000, 0x0000000100000000)
  eden space 173056K, 0% used [0x00000000d6000000,0x00000000d6000000,0x00000000e0900000)
  from space 3072K, 92% used [0x00000000e3400000,0x00000000e36c8000,0x00000000e3700000)
  to   space 15360K, 0% used [0x00000000e3f00000,0x00000000e3f00000,0x00000000e4e00000)
 ParOldGen       total 111616K, used 24597K [0x0000000082000000, 0x0000000088d00000, 0x00000000d6000000)
  object space 111616K, 22% used [0x0000000082000000,0x0000000083805578,0x0000000088d00000)
 Metaspace       used 46072K, capacity 48348K, committed 48640K, reserved 1091584K
  class space    used 6104K, capacity 6561K, committed 6656K, reserved 1048576K
Event: 589.600 GC heap after
Heap after GC invocations=15 (full 4):
 PSYoungGen      total 176128K, used 0K [0x00000000d6000000, 0x00000000e4e00000, 0x0000000100000000)
  eden space 173056K, 0% used [0x00000000d6000000,0x00000000d6000000,0x00000000e0900000)
  from space 3072K, 0% used [0x00000000e3400000,0x00000000e3400000,0x00000000e3700000)
  to   space 15360K, 0% used [0x00000000e3f00000,0x00000000e3f00000,0x00000000e4e00000)
 ParOldGen       total 111616K, used 21287K [0x0000000082000000, 0x0000000088d00000, 0x00000000d6000000)
  object space 111616K, 19% used [0x0000000082000000,0x00000000834c9ff0,0x0000000088d00000)
 Metaspace       used 46068K, capacity 48342K, committed 48640K, reserved 1091584K
  class space    used 6103K, capacity 6560K, committed 6656K, reserved 1048576K
}
Event: 685.115 GC heap before
{Heap before GC invocations=16 (full 4):
 PSYoungGen      total 176128K, used 173056K [0x00000000d6000000, 0x00000000e4e00000, 0x0000000100000000)
  eden space 173056K, 100% used [0x00000000d6000000,0x00000000e0900000,0x00000000e0900000)
  from space 3072K, 0% used [0x00000000e3400000,0x00000000e3400000,0x00000000e3700000)
  to   space 15360K, 0% used [0x00000000e3f00000,0x00000000e3f00000,0x00000000e4e00000)
 ParOldGen       total 111616K, used 21287K [0x0000000082000000, 0x0000000088d00000, 0x00000000d6000000)
  object space 111616K, 19% used [0x0000000082000000,0x00000000834c9ff0,0x0000000088d00000)
 Metaspace       used 46366K, capacity 48760K, committed 48896K, reserved 1091584K
  class space    used 6140K, capacity 6617K, committed 6656K, reserved 1048576K
Event: 685.129 GC heap after
Heap after GC invocations=16 (full 4):
 PSYoungGen      total 197120K, used 5371K [0x00000000d6000000, 0x00000000e4480000, 0x0000000100000000)
  eden space 191488K, 0% used [0x00000000d6000000,0x00000000d6000000,0x00000000e1b00000)
  from space 5632K, 95% used [0x00000000e3f00000,0x00000000e443ee48,0x00000000e4480000)
  to   space 15360K, 0% used [0x00000000e2680000,0x00000000e2680000,0x00000000e3580000)
 ParOldGen       total 111616K, used 21295K [0x0000000082000000, 0x0000000088d00000, 0x00000000d6000000)
  object space 111616K, 19% used [0x0000000082000000,0x00000000834cbff0,0x0000000088d00000)
 Metaspace       used 46366K, capacity 48760K, committed 48896K, reserved 1091584K
  class space    used 6140K, capacity 6617K, committed 6656K, reserved 1048576K
}

