# JRE version: Java(TM) SE Runtime Environment (8.0_201-b09) (build 1.8.0_201-b09)
# Java VM: Java HotSpot(TM) 64-Bit Server VM (25.201-b09 mixed mode windows-amd64 compressed oops)
Heap:
 PSYoungGen      total 132608K, used 58757K [0x00000000d6000000, 0x00000000df380000, 0x0000000100000000)
  eden space 123904K, 40% used [0x00000000d6000000,0x00000000d913dda0,0x00000000dd900000)
  from space 8704K, 95% used [0x00000000deb00000,0x00000000df3239c8,0x00000000df380000)
  to   space 13312K, 0% used [0x00000000dd980000,0x00000000dd980000,0x00000000de680000)
 ParOldGen       total 108544K, used 20522K [0x0000000082000000, 0x0000000088a00000, 0x00000000d6000000)
  object space 108544K, 18% used [0x0000000082000000,0x000000008340abb0,0x0000000088a00000)
 Metaspace       used 42249K, capacity 44412K, committed 44544K, reserved 1087488K
  class space    used 5660K, capacity 6083K, committed 6144K, reserved 1048576K
GC Heap History (10 events):
Event: 1.443 GC heap before
{Heap before GC invocations=6 (full 1):
 PSYoungGen      total 70656K, used 65536K [0x00000000d6000000, 0x00000000daa00000, 0x0000000100000000)
  eden space 65536K, 100% used [0x00000000d6000000,0x00000000da000000,0x00000000da000000)
  from space 5120K, 0% used [0x00000000da500000,0x00000000da500000,0x00000000daa00000)
  to   space 5120K, 0% used [0x00000000da000000,0x00000000da000000,0x00000000da500000)
 ParOldGen       total 61440K, used 7406K [0x0000000082000000, 0x0000000085c00000, 0x00000000d6000000)
  object space 61440K, 12% used [0x0000000082000000,0x000000008273bb48,0x0000000085c00000)
 Metaspace       used 23912K, capacity 24774K, committed 24960K, reserved 1071104K
  class space    used 3142K, capacity 3391K, committed 3456K, reserved 1048576K
Event: 1.447 GC heap after
Heap after GC invocations=6 (full 1):
 PSYoungGen      total 70656K, used 5112K [0x00000000d6000000, 0x00000000dcd00000, 0x0000000100000000)
  eden space 65536K, 0% used [0x00000000d6000000,0x00000000d6000000,0x00000000da000000)
  from space 5120K, 99% used [0x00000000da000000,0x00000000da4fe3d8,0x00000000da500000)
  to   space 8704K, 0% used [0x00000000dc480000,0x00000000dc480000,0x00000000dcd00000)
 ParOldGen       total 61440K, used 8060K [0x0000000082000000, 0x0000000085c00000, 0x00000000d6000000)
  object space 61440K, 13% used [0x0000000082000000,0x00000000827df3a8,0x0000000085c00000)
 Metaspace       used 23912K, capacity 24774K, committed 24960K, reserved 1071104K
  class space    used 3142K, capacity 3391K, committed 3456K, reserved 1048576K
}
Event: 1.845 GC heap before
{Heap before GC invocations=7 (full 1):
 PSYoungGen      total 70656K, used 70648K [0x00000000d6000000, 0x00000000dcd00000, 0x0000000100000000)
  eden space 65536K, 100% used [0x00000000d6000000,0x00000000da000000,0x00000000da000000)
  from space 5120K, 99% used [0x00000000da000000,0x00000000da4fe3d8,0x00000000da500000)
  to   space 8704K, 0% used [0x00000000dc480000,0x00000000dc480000,0x00000000dcd00000)
 ParOldGen       total 61440K, used 8060K [0x0000000082000000, 0x0000000085c00000, 0x00000000d6000000)
  object space 61440K, 13% used [0x0000000082000000,0x00000000827df3a8,0x0000000085c00000)
 Metaspace       used 27847K, capacity 28894K, committed 29056K, reserved 1075200K
  class space    used 3688K, capacity 3931K, committed 3968K, reserved 1048576K
Event: 1.850 GC heap after
Heap after GC invocations=7 (full 1):
 PSYoungGen      total 100864K, used 8684K [0x00000000d6000000, 0x00000000dcd00000, 0x0000000100000000)
  eden space 92160K, 0% used [0x00000000d6000000,0x00000000d6000000,0x00000000dba00000)
  from space 8704K, 99% used [0x00000000dc480000,0x00000000dccfb308,0x00000000dcd00000)
  to   space 9728K, 0% used [0x00000000dba00000,0x00000000dba00000,0x00000000dc380000)
 ParOldGen       total 61440K, used 8243K [0x0000000082000000, 0x0000000085c00000, 0x00000000d6000000)
  object space 61440K, 13% used [0x0000000082000000,0x000000008280cc70,0x0000000085c00000)
 Metaspace       used 27847K, capacity 28894K, committed 29056K, reserved 1075200K
  class space    used 3688K, capacity 3931K, committed 3968K, reserved 1048576K
}
Event: 2.340 GC heap before
{Heap before GC invocations=8 (full 1):
 PSYoungGen      total 100864K, used 88924K [0x00000000d6000000, 0x00000000dcd00000, 0x0000000100000000)
  eden space 92160K, 87% used [0x00000000d6000000,0x00000000dae5bd48,0x00000000dba00000)
  from space 8704K, 99% used [0x00000000dc480000,0x00000000dccfb308,0x00000000dcd00000)
  to   space 9728K, 0% used [0x00000000dba00000,0x00000000dba00000,0x00000000dc380000)
 ParOldGen       total 61440K, used 8243K [0x0000000082000000, 0x0000000085c00000, 0x00000000d6000000)
  object space 61440K, 13% used [0x0000000082000000,0x000000008280cc70,0x0000000085c00000)
 Metaspace       used 33900K, capacity 35438K, committed 35496K, reserved 1079296K
  class space    used 4520K, capacity 4829K, committed 4864K, reserved 1048576K
Event: 2.349 GC heap after
Heap after GC invocations=8 (full 1):
 PSYoungGen      total 101888K, used 9726K [0x00000000d6000000, 0x00000000df880000, 0x0000000100000000)
  eden space 92160K, 0% used [0x00000000d6000000,0x00000000d6000000,0x00000000dba00000)
  from space 9728K, 99% used [0x00000000dba00000,0x00000000dc37f848,0x00000000dc380000)
  to   space 13824K, 0% used [0x00000000deb00000,0x00000000deb00000,0x00000000df880000)
 ParOldGen       total 61440K, used 14486K [0x0000000082000000, 0x0000000085c00000, 0x00000000d6000000)
  object space 61440K, 23% used [0x0000000082000000,0x0000000082e25a00,0x0000000085c00000)
 Metaspace       used 33900K, capacity 35438K, committed 35496K, reserved 1079296K
  class space    used 4520K, capacity 4829K, committed 4864K, reserved 1048576K
}
Event: 2.349 GC heap before
{Heap before GC invocations=9 (full 2):
 PSYoungGen      total 101888K, used 9726K [0x00000000d6000000, 0x00000000df880000, 0x0000000100000000)
  eden space 92160K, 0% used [0x00000000d6000000,0x00000000d6000000,0x00000000dba00000)
  from space 9728K, 99% used [0x00000000dba00000,0x00000000dc37f848,0x00000000dc380000)
  to   space 13824K, 0% used [0x00000000deb00000,0x00000000deb00000,0x00000000df880000)
 ParOldGen       total 61440K, used 14486K [0x0000000082000000, 0x0000000085c00000, 0x00000000d6000000)
  object space 61440K, 23% used [0x0000000082000000,0x0000000082e25a00,0x0000000085c00000)
 Metaspace       used 33900K, capacity 35438K, committed 35496K, reserved 1079296K
  class space    used 4520K, capacity 4829K, committed 4864K, reserved 1048576K
Event: 2.397 GC heap after
Heap after GC invocations=9 (full 2):
 PSYoungGen      total 101888K, used 0K [0x00000000d6000000, 0x00000000df880000, 0x0000000100000000)
  eden space 92160K, 0% used [0x00000000d6000000,0x00000000d6000000,0x00000000dba00000)
  from space 9728K, 0% used [0x00000000dba00000,0x00000000dba00000,0x00000000dc380000)
  to   space 13824K, 0% used [0x00000000deb00000,0x00000000deb00000,0x00000000df880000)
 ParOldGen       total 108544K, used 20514K [0x0000000082000000, 0x0000000088a00000, 0x00000000d6000000)
  object space 108544K, 18% used [0x0000000082000000,0x0000000083408bb0,0x0000000088a00000)
 Metaspace       used 33900K, capacity 35438K, committed 35496K, reserved 1079296K
  class space    used 4520K, capacity 4829K, committed 4864K, reserved 1048576K
}
Event: 2.904 GC heap before
{Heap before GC invocations=10 (full 2):
 PSYoungGen      total 101888K, used 92160K [0x00000000d6000000, 0x00000000df880000, 0x0000000100000000)
  eden space 92160K, 100% used [0x00000000d6000000,0x00000000dba00000,0x00000000dba00000)
  from space 9728K, 0% used [0x00000000dba00000,0x00000000dba00000,0x00000000dc380000)
  to   space 13824K, 0% used [0x00000000deb00000,0x00000000deb00000,0x00000000df880000)
 ParOldGen       total 108544K, used 20514K [0x0000000082000000, 0x0000000088a00000, 0x00000000d6000000)
  object space 108544K, 18% used [0x0000000082000000,0x0000000083408bb0,0x0000000088a00000)
 Metaspace       used 39846K, capacity 41788K, committed 41856K, reserved 1085440K
  class space    used 5326K, capacity 5724K, committed 5760K, reserved 1048576K
Event: 2.909 GC heap after
Heap after GC invocations=10 (full 2):
 PSYoungGen      total 132608K, used 8334K [0x00000000d6000000, 0x00000000df380000, 0x0000000100000000)
  eden space 123904K, 0% used [0x00000000d6000000,0x00000000d6000000,0x00000000dd900000)
  from space 8704K, 95% used [0x00000000deb00000,0x00000000df3239c8,0x00000000df380000)
  to   space 13312K, 0% used [0x00000000dd980000,0x00000000dd980000,0x00000000de680000)
 ParOldGen       total 108544K, used 20522K [0x0000000082000000, 0x0000000088a00000, 0x00000000d6000000)
  object space 108544K, 18% used [0x0000000082000000,0x000000008340abb0,0x0000000088a00000)
 Metaspace       used 39846K, capacity 41788K, committed 41856K, reserved 1085440K
  class space    used 5326K, capacity 5724K, committed 5760K, reserved 1048576K
}

