# JRE version: Java(TM) SE Runtime Environment (8.0_201-b09) (build 1.8.0_201-b09)
# Java VM: Java HotSpot(TM) 64-Bit Server VM (25.201-b09 mixed mode windows-amd64 compressed oops)
Heap:
 PSYoungGen      total 195584K, used 140232K [0x00000000d6000000, 0x00000000e3880000, 0x0000000100000000)
  eden space 190464K, 73% used [0x00000000d6000000,0x00000000de8f21e8,0x00000000e1a00000)
  from space 5120K, 0% used [0x00000000e3380000,0x00000000e3380000,0x00000000e3880000)
  to   space 12800K, 0% used [0x00000000e1f80000,0x00000000e1f80000,0x00000000e2c00000)
 ParOldGen       total 109568K, used 24506K [0x0000000082000000, 0x0000000088b00000, 0x00000000d6000000)
  object space 109568K, 22% used [0x0000000082000000,0x00000000837ee828,0x0000000088b00000)
 Metaspace       used 51384K, capacity 54942K, committed 55296K, reserved 1097728K
  class space    used 6685K, capacity 7309K, committed 7424K, reserved 1048576K
GC Heap History (10 events):
Event: 1690.863 GC heap before
{Heap before GC invocations=28 (full 10):
 PSYoungGen      total 195584K, used 4716K [0x00000000d6000000, 0x00000000e4500000, 0x0000000100000000)
  eden space 190464K, 0% used [0x00000000d6000000,0x00000000d6000000,0x00000000e1a00000)
  from space 5120K, 92% used [0x00000000e4000000,0x00000000e449b328,0x00000000e4500000)
  to   space 13312K, 0% used [0x00000000e2b00000,0x00000000e2b00000,0x00000000e3800000)
 ParOldGen       total 109568K, used 22701K [0x0000000082000000, 0x0000000088b00000, 0x00000000d6000000)
  object space 109568K, 20% used [0x0000000082000000,0x000000008362b700,0x0000000088b00000)
 Metaspace       used 49982K, capacity 53394K, committed 53504K, reserved 1095680K
  class space    used 6532K, capacity 7132K, committed 7168K, reserved 1048576K
Event: 1691.015 GC heap after
Heap after GC invocations=28 (full 10):
 PSYoungGen      total 195584K, used 0K [0x00000000d6000000, 0x00000000e4500000, 0x0000000100000000)
  eden space 190464K, 0% used [0x00000000d6000000,0x00000000d6000000,0x00000000e1a00000)
  from space 5120K, 0% used [0x00000000e4000000,0x00000000e4000000,0x00000000e4500000)
  to   space 13312K, 0% used [0x00000000e2b00000,0x00000000e2b00000,0x00000000e3800000)
 ParOldGen       total 109568K, used 24100K [0x0000000082000000, 0x0000000088b00000, 0x00000000d6000000)
  object space 109568K, 21% used [0x0000000082000000,0x00000000837892d8,0x0000000088b00000)
 Metaspace       used 49976K, capacity 53382K, committed 53504K, reserved 1095680K
  class space    used 6530K, capacity 7129K, committed 7168K, reserved 1048576K
}
Event: 1766.211 GC heap before
{Heap before GC invocations=29 (full 10):
 PSYoungGen      total 195584K, used 163100K [0x00000000d6000000, 0x00000000e4500000, 0x0000000100000000)
  eden space 190464K, 85% used [0x00000000d6000000,0x00000000dff47360,0x00000000e1a00000)
  from space 5120K, 0% used [0x00000000e4000000,0x00000000e4000000,0x00000000e4500000)
  to   space 13312K, 0% used [0x00000000e2b00000,0x00000000e2b00000,0x00000000e3800000)
 ParOldGen       total 109568K, used 24100K [0x0000000082000000, 0x0000000088b00000, 0x00000000d6000000)
  object space 109568K, 21% used [0x0000000082000000,0x00000000837892d8,0x0000000088b00000)
 Metaspace       used 50338K, capacity 53642K, committed 53888K, reserved 1095680K
  class space    used 6567K, capacity 7172K, committed 7296K, reserved 1048576K
Event: 1766.215 GC heap after
Heap after GC invocations=29 (full 10):
 PSYoungGen      total 195072K, used 4200K [0x00000000d6000000, 0x00000000e4080000, 0x0000000100000000)
  eden space 190464K, 0% used [0x00000000d6000000,0x00000000d6000000,0x00000000e1a00000)
  from space 4608K, 91% used [0x00000000e2b00000,0x00000000e2f1a260,0x00000000e2f80000)
  to   space 13312K, 0% used [0x00000000e3380000,0x00000000e3380000,0x00000000e4080000)
 ParOldGen       total 109568K, used 24108K [0x0000000082000000, 0x0000000088b00000, 0x00000000d6000000)
  object space 109568K, 22% used [0x0000000082000000,0x000000008378b2d8,0x0000000088b00000)
 Metaspace       used 50338K, capacity 53642K, committed 53888K, reserved 1095680K
  class space    used 6567K, capacity 7172K, committed 7296K, reserved 1048576K
}
Event: 1766.215 GC heap before
{Heap before GC invocations=30 (full 11):
 PSYoungGen      total 195072K, used 4200K [0x00000000d6000000, 0x00000000e4080000, 0x0000000100000000)
  eden space 190464K, 0% used [0x00000000d6000000,0x00000000d6000000,0x00000000e1a00000)
  from space 4608K, 91% used [0x00000000e2b00000,0x00000000e2f1a260,0x00000000e2f80000)
  to   space 13312K, 0% used [0x00000000e3380000,0x00000000e3380000,0x00000000e4080000)
 ParOldGen       total 109568K, used 24108K [0x0000000082000000, 0x0000000088b00000, 0x00000000d6000000)
  object space 109568K, 22% used [0x0000000082000000,0x000000008378b2d8,0x0000000088b00000)
 Metaspace       used 50338K, capacity 53642K, committed 53888K, reserved 1095680K
  class space    used 6567K, capacity 7172K, committed 7296K, reserved 1048576K
Event: 1766.292 GC heap after
Heap after GC invocations=30 (full 11):
 PSYoungGen      total 195072K, used 0K [0x00000000d6000000, 0x00000000e4080000, 0x0000000100000000)
  eden space 190464K, 0% used [0x00000000d6000000,0x00000000d6000000,0x00000000e1a00000)
  from space 4608K, 0% used [0x00000000e2b00000,0x00000000e2b00000,0x00000000e2f80000)
  to   space 13312K, 0% used [0x00000000e3380000,0x00000000e3380000,0x00000000e4080000)
 ParOldGen       total 109568K, used 23883K [0x0000000082000000, 0x0000000088b00000, 0x00000000d6000000)
  object space 109568K, 21% used [0x0000000082000000,0x0000000083752e00,0x0000000088b00000)
 Metaspace       used 50331K, capacity 53630K, committed 53888K, reserved 1095680K
  class space    used 6566K, capacity 7169K, committed 7296K, reserved 1048576K
}
Event: 1806.839 GC heap before
{Heap before GC invocations=31 (full 11):
 PSYoungGen      total 195072K, used 143188K [0x00000000d6000000, 0x00000000e4080000, 0x0000000100000000)
  eden space 190464K, 75% used [0x00000000d6000000,0x00000000debd51c0,0x00000000e1a00000)
  from space 4608K, 0% used [0x00000000e2b00000,0x00000000e2b00000,0x00000000e2f80000)
  to   space 13312K, 0% used [0x00000000e3380000,0x00000000e3380000,0x00000000e4080000)
 ParOldGen       total 109568K, used 23883K [0x0000000082000000, 0x0000000088b00000, 0x00000000d6000000)
  object space 109568K, 21% used [0x0000000082000000,0x0000000083752e00,0x0000000088b00000)
 Metaspace       used 50849K, capacity 54388K, committed 54656K, reserved 1097728K
  class space    used 6627K, capacity 7251K, committed 7296K, reserved 1048576K
Event: 1806.843 GC heap after
Heap after GC invocations=31 (full 11):
 PSYoungGen      total 195584K, used 4710K [0x00000000d6000000, 0x00000000e3880000, 0x0000000100000000)
  eden space 190464K, 0% used [0x00000000d6000000,0x00000000d6000000,0x00000000e1a00000)
  from space 5120K, 91% used [0x00000000e3380000,0x00000000e3819930,0x00000000e3880000)
  to   space 12800K, 0% used [0x00000000e1f80000,0x00000000e1f80000,0x00000000e2c00000)
 ParOldGen       total 109568K, used 23891K [0x0000000082000000, 0x0000000088b00000, 0x00000000d6000000)
  object space 109568K, 21% used [0x0000000082000000,0x0000000083754e00,0x0000000088b00000)
 Metaspace       used 50849K, capacity 54388K, committed 54656K, reserved 1097728K
  class space    used 6627K, capacity 7251K, committed 7296K, reserved 1048576K
}
Event: 1806.843 GC heap before
{Heap before GC invocations=32 (full 12):
 PSYoungGen      total 195584K, used 4710K [0x00000000d6000000, 0x00000000e3880000, 0x0000000100000000)
  eden space 190464K, 0% used [0x00000000d6000000,0x00000000d6000000,0x00000000e1a00000)
  from space 5120K, 91% used [0x00000000e3380000,0x00000000e3819930,0x00000000e3880000)
  to   space 12800K, 0% used [0x00000000e1f80000,0x00000000e1f80000,0x00000000e2c00000)
 ParOldGen       total 109568K, used 23891K [0x0000000082000000, 0x0000000088b00000, 0x00000000d6000000)
  object space 109568K, 21% used [0x0000000082000000,0x0000000083754e00,0x0000000088b00000)
 Metaspace       used 50849K, capacity 54388K, committed 54656K, reserved 1097728K
  class space    used 6627K, capacity 7251K, committed 7296K, reserved 1048576K
Event: 1806.933 GC heap after
Heap after GC invocations=32 (full 12):
 PSYoungGen      total 195584K, used 0K [0x00000000d6000000, 0x00000000e3880000, 0x0000000100000000)
  eden space 190464K, 0% used [0x00000000d6000000,0x00000000d6000000,0x00000000e1a00000)
  from space 5120K, 0% used [0x00000000e3380000,0x00000000e3380000,0x00000000e3880000)
  to   space 12800K, 0% used [0x00000000e1f80000,0x00000000e1f80000,0x00000000e2c00000)
 ParOldGen       total 109568K, used 24506K [0x0000000082000000, 0x0000000088b00000, 0x00000000d6000000)
  object space 109568K, 22% used [0x0000000082000000,0x00000000837ee828,0x0000000088b00000)
 Metaspace       used 50843K, capacity 54376K, committed 54656K, reserved 1097728K
  class space    used 6626K, capacity 7248K, committed 7296K, reserved 1048576K
}

