# JRE version: Java(TM) SE Runtime Environment (8.0_201-b09) (build 1.8.0_201-b09)
# Java VM: Java HotSpot(TM) 64-Bit Server VM (25.201-b09 mixed mode windows-amd64 compressed oops)
Heap:
 PSYoungGen      total 199680K, used 115428K [0x00000000d6000000, 0x00000000e3200000, 0x0000000100000000)
  eden space 185344K, 62% used [0x00000000d6000000,0x00000000dd0b9328,0x00000000e1500000)
  from space 14336K, 0% used [0x00000000e2400000,0x00000000e2400000,0x00000000e3200000)
  to   space 14848K, 0% used [0x00000000e1500000,0x00000000e1500000,0x00000000e2380000)
 ParOldGen       total 110080K, used 26357K [0x0000000082000000, 0x0000000088b80000, 0x00000000d6000000)
  object space 110080K, 23% used [0x0000000082000000,0x00000000839bd4b0,0x0000000088b80000)
 Metaspace       used 49054K, capacity 51614K, committed 51840K, reserved 1093632K
  class space    used 6410K, capacity 6917K, committed 7040K, reserved 1048576K
GC Heap History (10 events):
Event: 107.558 GC heap before
{Heap before GC invocations=11 (full 3):
 PSYoungGen      total 199168K, used 8757K [0x00000000d6000000, 0x00000000e3200000, 0x0000000100000000)
  eden space 185344K, 0% used [0x00000000d6000000,0x00000000d6000000,0x00000000e1500000)
  from space 13824K, 63% used [0x00000000e2480000,0x00000000e2d0d770,0x00000000e3200000)
  to   space 14848K, 0% used [0x00000000e1500000,0x00000000e1500000,0x00000000e2380000)
 ParOldGen       total 110080K, used 19683K [0x0000000082000000, 0x0000000088b80000, 0x00000000d6000000)
  object space 110080K, 17% used [0x0000000082000000,0x0000000083338c58,0x0000000088b80000)
 Metaspace       used 44693K, capacity 46908K, committed 47232K, reserved 1089536K
  class space    used 5972K, capacity 6412K, committed 6528K, reserved 1048576K
Event: 107.671 GC heap after
Heap after GC invocations=11 (full 3):
 PSYoungGen      total 199168K, used 0K [0x00000000d6000000, 0x00000000e3200000, 0x0000000100000000)
  eden space 185344K, 0% used [0x00000000d6000000,0x00000000d6000000,0x00000000e1500000)
  from space 13824K, 0% used [0x00000000e2480000,0x00000000e2480000,0x00000000e3200000)
  to   space 14848K, 0% used [0x00000000e1500000,0x00000000e1500000,0x00000000e2380000)
 ParOldGen       total 110080K, used 22942K [0x0000000082000000, 0x0000000088b80000, 0x00000000d6000000)
  object space 110080K, 20% used [0x0000000082000000,0x00000000836678f0,0x0000000088b80000)
 Metaspace       used 44693K, capacity 46908K, committed 47232K, reserved 1089536K
  class space    used 5972K, capacity 6412K, committed 6528K, reserved 1048576K
}
Event: 369.709 GC heap before
{Heap before GC invocations=12 (full 3):
 PSYoungGen      total 199168K, used 146398K [0x00000000d6000000, 0x00000000e3200000, 0x0000000100000000)
  eden space 185344K, 78% used [0x00000000d6000000,0x00000000deef7ac0,0x00000000e1500000)
  from space 13824K, 0% used [0x00000000e2480000,0x00000000e2480000,0x00000000e3200000)
  to   space 14848K, 0% used [0x00000000e1500000,0x00000000e1500000,0x00000000e2380000)
 ParOldGen       total 110080K, used 22942K [0x0000000082000000, 0x0000000088b80000, 0x00000000d6000000)
  object space 110080K, 20% used [0x0000000082000000,0x00000000836678f0,0x0000000088b80000)
 Metaspace       used 44903K, capacity 47216K, committed 47488K, reserved 1089536K
  class space    used 6003K, capacity 6463K, committed 6528K, reserved 1048576K
Event: 369.712 GC heap after
Heap after GC invocations=12 (full 3):
 PSYoungGen      total 200192K, used 4255K [0x00000000d6000000, 0x00000000e3300000, 0x0000000100000000)
  eden space 185344K, 0% used [0x00000000d6000000,0x00000000d6000000,0x00000000e1500000)
  from space 14848K, 28% used [0x00000000e1500000,0x00000000e1927eb8,0x00000000e2380000)
  to   space 15360K, 0% used [0x00000000e2400000,0x00000000e2400000,0x00000000e3300000)
 ParOldGen       total 110080K, used 22950K [0x0000000082000000, 0x0000000088b80000, 0x00000000d6000000)
  object space 110080K, 20% used [0x0000000082000000,0x00000000836698f0,0x0000000088b80000)
 Metaspace       used 44903K, capacity 47216K, committed 47488K, reserved 1089536K
  class space    used 6003K, capacity 6463K, committed 6528K, reserved 1048576K
}
Event: 369.712 GC heap before
{Heap before GC invocations=13 (full 4):
 PSYoungGen      total 200192K, used 4255K [0x00000000d6000000, 0x00000000e3300000, 0x0000000100000000)
  eden space 185344K, 0% used [0x00000000d6000000,0x00000000d6000000,0x00000000e1500000)
  from space 14848K, 28% used [0x00000000e1500000,0x00000000e1927eb8,0x00000000e2380000)
  to   space 15360K, 0% used [0x00000000e2400000,0x00000000e2400000,0x00000000e3300000)
 ParOldGen       total 110080K, used 22950K [0x0000000082000000, 0x0000000088b80000, 0x00000000d6000000)
  object space 110080K, 20% used [0x0000000082000000,0x00000000836698f0,0x0000000088b80000)
 Metaspace       used 44903K, capacity 47216K, committed 47488K, reserved 1089536K
  class space    used 6003K, capacity 6463K, committed 6528K, reserved 1048576K
Event: 369.833 GC heap after
Heap after GC invocations=13 (full 4):
 PSYoungGen      total 200192K, used 0K [0x00000000d6000000, 0x00000000e3300000, 0x0000000100000000)
  eden space 185344K, 0% used [0x00000000d6000000,0x00000000d6000000,0x00000000e1500000)
  from space 14848K, 0% used [0x00000000e1500000,0x00000000e1500000,0x00000000e2380000)
  to   space 15360K, 0% used [0x00000000e2400000,0x00000000e2400000,0x00000000e3300000)
 ParOldGen       total 110080K, used 22507K [0x0000000082000000, 0x0000000088b80000, 0x00000000d6000000)
  object space 110080K, 20% used [0x0000000082000000,0x00000000835fafb0,0x0000000088b80000)
 Metaspace       used 44901K, capacity 47210K, committed 47488K, reserved 1089536K
  class space    used 6003K, capacity 6461K, committed 6528K, reserved 1048576K
}
Event: 485.518 GC heap before
{Heap before GC invocations=14 (full 4):
 PSYoungGen      total 200192K, used 170025K [0x00000000d6000000, 0x00000000e3300000, 0x0000000100000000)
  eden space 185344K, 91% used [0x00000000d6000000,0x00000000e060a688,0x00000000e1500000)
  from space 14848K, 0% used [0x00000000e1500000,0x00000000e1500000,0x00000000e2380000)
  to   space 15360K, 0% used [0x00000000e2400000,0x00000000e2400000,0x00000000e3300000)
 ParOldGen       total 110080K, used 22507K [0x0000000082000000, 0x0000000088b80000, 0x00000000d6000000)
  object space 110080K, 20% used [0x0000000082000000,0x00000000835fafb0,0x0000000088b80000)
 Metaspace       used 48754K, capacity 51146K, committed 51456K, reserved 1093632K
  class space    used 6366K, capacity 6852K, committed 6912K, reserved 1048576K
Event: 485.525 GC heap after
Heap after GC invocations=14 (full 4):
 PSYoungGen      total 199680K, used 8245K [0x00000000d6000000, 0x00000000e3200000, 0x0000000100000000)
  eden space 185344K, 0% used [0x00000000d6000000,0x00000000d6000000,0x00000000e1500000)
  from space 14336K, 57% used [0x00000000e2400000,0x00000000e2c0d508,0x00000000e3200000)
  to   space 14848K, 0% used [0x00000000e1500000,0x00000000e1500000,0x00000000e2380000)
 ParOldGen       total 110080K, used 22515K [0x0000000082000000, 0x0000000088b80000, 0x00000000d6000000)
  object space 110080K, 20% used [0x0000000082000000,0x00000000835fcfb0,0x0000000088b80000)
 Metaspace       used 48754K, capacity 51146K, committed 51456K, reserved 1093632K
  class space    used 6366K, capacity 6852K, committed 6912K, reserved 1048576K
}
Event: 485.525 GC heap before
{Heap before GC invocations=15 (full 5):
 PSYoungGen      total 199680K, used 8245K [0x00000000d6000000, 0x00000000e3200000, 0x0000000100000000)
  eden space 185344K, 0% used [0x00000000d6000000,0x00000000d6000000,0x00000000e1500000)
  from space 14336K, 57% used [0x00000000e2400000,0x00000000e2c0d508,0x00000000e3200000)
  to   space 14848K, 0% used [0x00000000e1500000,0x00000000e1500000,0x00000000e2380000)
 ParOldGen       total 110080K, used 22515K [0x0000000082000000, 0x0000000088b80000, 0x00000000d6000000)
  object space 110080K, 20% used [0x0000000082000000,0x00000000835fcfb0,0x0000000088b80000)
 Metaspace       used 48754K, capacity 51146K, committed 51456K, reserved 1093632K
  class space    used 6366K, capacity 6852K, committed 6912K, reserved 1048576K
Event: 485.708 GC heap after
Heap after GC invocations=15 (full 5):
 PSYoungGen      total 199680K, used 0K [0x00000000d6000000, 0x00000000e3200000, 0x0000000100000000)
  eden space 185344K, 0% used [0x00000000d6000000,0x00000000d6000000,0x00000000e1500000)
  from space 14336K, 0% used [0x00000000e2400000,0x00000000e2400000,0x00000000e3200000)
  to   space 14848K, 0% used [0x00000000e1500000,0x00000000e1500000,0x00000000e2380000)
 ParOldGen       total 110080K, used 26357K [0x0000000082000000, 0x0000000088b80000, 0x00000000d6000000)
  object space 110080K, 23% used [0x0000000082000000,0x00000000839bd4b0,0x0000000088b80000)
 Metaspace       used 48751K, capacity 51140K, committed 51456K, reserved 1093632K
  class space    used 6365K, capacity 6850K, committed 6912K, reserved 1048576K
}

